2015-03-31 18:54:15,833 [Worker-4] INFO  o.e.m.c.i.l.LifecycleMappingFactory - Using org.maven.ide.eclipse.wtp.WarLifecycleMapping lifecycle mapping for MavenProject: daw.projekt:Aplikacja:0.0.1-SNAPSHOT @ C:\Users\Drewno\work\Projekt_ZTI_nowy\Aplikacja\pom.xml.
2015-03-31 18:54:24,968 [Worker-20] INFO  o.e.m.c.i.l.LifecycleMappingFactory - Using org.maven.ide.eclipse.wtp.WarLifecycleMapping lifecycle mapping for MavenProject: daw.projekt:Aplikacja:0.0.1-SNAPSHOT @ C:\Users\Drewno\work\Projekt_ZTI_nowy\Aplikacja\pom.xml.
2015-03-31 18:54:28,171 [Worker-20] WARN  o.e.m.c.i.embedder.EclipseLogger - Using platform encoding (Cp1252 actually) to copy filtered resources, i.e. build is platform dependent!
2015-03-31 18:54:28,177 [Worker-20] INFO  o.e.m.c.i.embedder.EclipseLogger - Copying 0 resource
2015-03-31 18:54:28,180 [Worker-20] WARN  o.e.m.c.i.embedder.EclipseLogger - Using platform encoding (Cp1252 actually) to copy filtered resources, i.e. build is platform dependent!
2015-03-31 18:54:28,182 [Worker-20] INFO  o.e.m.c.i.embedder.EclipseLogger - Copying 0 resource
2015-03-31 18:54:29,533 [Worker-21] INFO  o.e.m.c.i.l.LifecycleMappingFactory - Using org.maven.ide.eclipse.wtp.WarLifecycleMapping lifecycle mapping for MavenProject: daw.projekt:Aplikacja:0.0.1-SNAPSHOT @ C:\Users\Drewno\work\Projekt_ZTI_nowy\Aplikacja\pom.xml.
2015-03-31 18:54:37,067 [Worker-15] WARN  o.e.m.c.i.embedder.EclipseLogger - Using platform encoding (Cp1252 actually) to copy filtered resources, i.e. build is platform dependent!
2015-03-31 18:54:37,074 [Worker-15] INFO  o.e.m.c.i.embedder.EclipseLogger - Copying 0 resource
2015-03-31 18:54:37,076 [Worker-15] WARN  o.e.m.c.i.embedder.EclipseLogger - Using platform encoding (Cp1252 actually) to copy filtered resources, i.e. build is platform dependent!
2015-03-31 18:54:37,077 [Worker-15] INFO  o.e.m.c.i.embedder.EclipseLogger - Copying 0 resource
2015-03-31 18:55:13,263 [Worker-12] INFO  o.e.m.c.i.p.ProjectConfigurationManager - Update started
2015-03-31 18:55:13,382 [Worker-12] INFO  o.e.m.c.i.l.LifecycleMappingFactory - Using org.maven.ide.eclipse.wtp.WarLifecycleMapping lifecycle mapping for MavenProject: daw.projekt:Aplikacja:0.0.1-SNAPSHOT @ C:\Users\Drewno\work\Projekt_ZTI_nowy\Aplikacja\pom.xml.
2015-03-31 18:55:14,654 [Worker-12] INFO  o.e.m.j.i.AbstractJavaProjectConfigurator - Adding source folder /Aplikacja/src/main/java
2015-03-31 18:55:14,655 [Worker-12] INFO  o.e.m.j.i.AbstractJavaProjectConfigurator - Adding resource folder /Aplikacja/src/main/resources
2015-03-31 18:55:14,655 [Worker-12] INFO  o.e.m.j.i.AbstractJavaProjectConfigurator - Adding source folder /Aplikacja/src/test/java
2015-03-31 18:55:14,656 [Worker-12] INFO  o.e.m.j.i.AbstractJavaProjectConfigurator - Adding resource folder /Aplikacja/src/test/resources
2015-03-31 18:55:37,843 [Worker-12] INFO  o.e.m.c.i.l.LifecycleMappingFactory - Using org.maven.ide.eclipse.wtp.WarLifecycleMapping lifecycle mapping for MavenProject: daw.projekt:Aplikacja:0.0.1-SNAPSHOT @ C:\Users\Drewno\work\Projekt_ZTI_nowy\Aplikacja\pom.xml.
2015-03-31 18:55:38,789 [Worker-12] INFO  o.e.m.w.i.f.ResourceFilteringBuildParticipant - Cleaning filtered folder for Aplikacja
2015-03-31 18:55:38,800 [Worker-12] INFO  o.e.m.c.i.p.ProjectConfigurationManager - Update completed: 25 sec
2015-03-31 18:55:41,117 [Worker-18] WARN  o.e.m.c.i.embedder.EclipseLogger - Using platform encoding (Cp1252 actually) to copy filtered resources, i.e. build is platform dependent!
2015-03-31 18:55:41,119 [Worker-18] INFO  o.e.m.c.i.embedder.EclipseLogger - Copying 0 resource
2015-03-31 18:55:41,121 [Worker-18] WARN  o.e.m.c.i.embedder.EclipseLogger - Using platform encoding (Cp1252 actually) to copy filtered resources, i.e. build is platform dependent!
2015-03-31 18:55:41,123 [Worker-18] INFO  o.e.m.c.i.embedder.EclipseLogger - Copying 0 resource
2015-03-31 18:57:51,405 [Worker-9] WARN  o.e.m.c.i.embedder.EclipseLogger - Using platform encoding (Cp1252 actually) to copy filtered resources, i.e. build is platform dependent!
2015-03-31 18:57:51,408 [Worker-9] INFO  o.e.m.c.i.embedder.EclipseLogger - Copying 0 resource
2015-03-31 18:57:51,410 [Worker-9] WARN  o.e.m.c.i.embedder.EclipseLogger - Using platform encoding (Cp1252 actually) to copy filtered resources, i.e. build is platform dependent!
2015-03-31 18:57:51,414 [Worker-9] INFO  o.e.m.c.i.embedder.EclipseLogger - Copying 0 resource
2015-03-31 18:57:59,293 [Worker-11] WARN  o.e.m.c.i.embedder.EclipseLogger - Using platform encoding (Cp1252 actually) to copy filtered resources, i.e. build is platform dependent!
2015-03-31 18:57:59,300 [Worker-11] INFO  o.e.m.c.i.embedder.EclipseLogger - Copying 0 resource
2015-03-31 18:57:59,302 [Worker-11] WARN  o.e.m.c.i.embedder.EclipseLogger - Using platform encoding (Cp1252 actually) to copy filtered resources, i.e. build is platform dependent!
2015-03-31 18:57:59,309 [Worker-11] INFO  o.e.m.c.i.embedder.EclipseLogger - Copying 0 resource
2015-04-08 16:18:52,877 [Worker-7] INFO  o.e.m.c.i.l.LifecycleMappingFactory - Using org.maven.ide.eclipse.wtp.WarLifecycleMapping lifecycle mapping for MavenProject: daw.projekt:Aplikacja:0.0.1-SNAPSHOT @ C:\Users\Drewno\work\Projekt_ZTI_nowy\Aplikacja\pom.xml.
2015-04-08 16:18:53,423 [Worker-7] INFO  o.e.m.c.i.e.AbstractTransferListenerAdapter - Downloaded http://repo.maven.apache.org/maven2/org/springframework/spring-jdbc/${spring.version}/spring-jdbc-${spring.version}.pom
2015-04-08 16:18:56,515 [Worker-7] WARN  o.e.m.c.i.embedder.EclipseLogger - Using platform encoding (Cp1252 actually) to copy filtered resources, i.e. build is platform dependent!
2015-04-08 16:18:56,563 [Worker-7] INFO  o.e.m.c.i.embedder.EclipseLogger - Copying 0 resource
2015-04-08 16:18:56,566 [Worker-7] WARN  o.e.m.c.i.embedder.EclipseLogger - Using platform encoding (Cp1252 actually) to copy filtered resources, i.e. build is platform dependent!
2015-04-08 16:18:56,567 [Worker-7] INFO  o.e.m.c.i.embedder.EclipseLogger - Copying 0 resource
2015-04-08 16:19:02,324 [Worker-10] WARN  o.e.m.c.i.embedder.EclipseLogger - Using platform encoding (Cp1252 actually) to copy filtered resources, i.e. build is platform dependent!
2015-04-08 16:19:02,331 [Worker-10] INFO  o.e.m.c.i.embedder.EclipseLogger - Copying 0 resource
2015-04-08 16:19:02,333 [Worker-10] WARN  o.e.m.c.i.embedder.EclipseLogger - Using platform encoding (Cp1252 actually) to copy filtered resources, i.e. build is platform dependent!
2015-04-08 16:19:02,334 [Worker-10] INFO  o.e.m.c.i.embedder.EclipseLogger - Copying 0 resource
2015-04-08 16:19:42,310 [Worker-23] INFO  o.e.m.c.i.l.LifecycleMappingFactory - Using org.maven.ide.eclipse.wtp.WarLifecycleMapping lifecycle mapping for MavenProject: daw.projekt:Aplikacja:0.0.1-SNAPSHOT @ C:\Users\Drewno\work\Projekt_ZTI_nowy\Aplikacja\pom.xml.
2015-04-08 16:19:43,501 [Worker-23] WARN  o.e.m.c.i.embedder.EclipseLogger - Using platform encoding (Cp1252 actually) to copy filtered resources, i.e. build is platform dependent!
2015-04-08 16:19:43,503 [Worker-23] INFO  o.e.m.c.i.embedder.EclipseLogger - Copying 0 resource
2015-04-08 16:19:43,505 [Worker-23] WARN  o.e.m.c.i.embedder.EclipseLogger - Using platform encoding (Cp1252 actually) to copy filtered resources, i.e. build is platform dependent!
2015-04-08 16:19:43,506 [Worker-23] INFO  o.e.m.c.i.embedder.EclipseLogger - Copying 0 resource
2015-04-08 16:19:44,997 [Worker-20] INFO  o.e.m.c.i.l.LifecycleMappingFactory - Using org.maven.ide.eclipse.wtp.WarLifecycleMapping lifecycle mapping for MavenProject: daw.projekt:Aplikacja:0.0.1-SNAPSHOT @ C:\Users\Drewno\work\Projekt_ZTI_nowy\Aplikacja\pom.xml.
2015-04-08 16:19:46,230 [Worker-20] WARN  o.e.m.c.i.embedder.EclipseLogger - Using platform encoding (Cp1252 actually) to copy filtered resources, i.e. build is platform dependent!
2015-04-08 16:19:46,231 [Worker-20] INFO  o.e.m.c.i.embedder.EclipseLogger - Copying 0 resource
2015-04-08 16:19:46,233 [Worker-20] WARN  o.e.m.c.i.embedder.EclipseLogger - Using platform encoding (Cp1252 actually) to copy filtered resources, i.e. build is platform dependent!
2015-04-08 16:19:46,235 [Worker-20] INFO  o.e.m.c.i.embedder.EclipseLogger - Copying 0 resource
2015-04-08 16:20:09,677 [Worker-19] INFO  o.e.m.c.i.p.ProjectConfigurationManager - Update started
2015-04-08 16:20:09,757 [Worker-19] INFO  o.e.m.c.i.l.LifecycleMappingFactory - Using org.maven.ide.eclipse.wtp.WarLifecycleMapping lifecycle mapping for MavenProject: daw.projekt:Aplikacja:0.0.1-SNAPSHOT @ C:\Users\Drewno\work\Projekt_ZTI_nowy\Aplikacja\pom.xml.
2015-04-08 16:20:10,730 [Worker-19] INFO  o.e.m.j.i.AbstractJavaProjectConfigurator - Adding source folder /Aplikacja/src/main/java
2015-04-08 16:20:10,731 [Worker-19] INFO  o.e.m.j.i.AbstractJavaProjectConfigurator - Adding resource folder /Aplikacja/src/main/resources
2015-04-08 16:20:10,731 [Worker-19] INFO  o.e.m.j.i.AbstractJavaProjectConfigurator - Adding source folder /Aplikacja/src/test/java
2015-04-08 16:20:10,732 [Worker-19] INFO  o.e.m.j.i.AbstractJavaProjectConfigurator - Adding resource folder /Aplikacja/src/test/resources
2015-04-08 16:20:35,951 [Worker-19] INFO  o.e.m.c.i.l.LifecycleMappingFactory - Using org.maven.ide.eclipse.wtp.WarLifecycleMapping lifecycle mapping for MavenProject: daw.projekt:Aplikacja:0.0.1-SNAPSHOT @ C:\Users\Drewno\work\Projekt_ZTI_nowy\Aplikacja\pom.xml.
2015-04-08 16:20:36,605 [Worker-19] INFO  o.e.m.w.i.f.ResourceFilteringBuildParticipant - Cleaning filtered folder for Aplikacja
2015-04-08 16:20:36,612 [Worker-19] INFO  o.e.m.c.i.p.ProjectConfigurationManager - Update completed: 26 sec
2015-04-08 16:20:38,623 [Worker-12] WARN  o.e.m.c.i.embedder.EclipseLogger - Using platform encoding (Cp1252 actually) to copy filtered resources, i.e. build is platform dependent!
2015-04-08 16:20:38,625 [Worker-12] INFO  o.e.m.c.i.embedder.EclipseLogger - Copying 0 resource
2015-04-08 16:20:38,627 [Worker-12] WARN  o.e.m.c.i.embedder.EclipseLogger - Using platform encoding (Cp1252 actually) to copy filtered resources, i.e. build is platform dependent!
2015-04-08 16:20:38,629 [Worker-12] INFO  o.e.m.c.i.embedder.EclipseLogger - Copying 0 resource
2015-04-08 16:27:22,940 [Worker-11] INFO  o.e.m.c.i.l.LifecycleMappingFactory - Using org.maven.ide.eclipse.wtp.WarLifecycleMapping lifecycle mapping for MavenProject: daw.projekt:Aplikacja:0.0.1-SNAPSHOT @ C:\Users\Drewno\work\Projekt_ZTI_nowy\Aplikacja\pom.xml.
2015-04-08 16:27:23,821 [Worker-11] WARN  o.e.m.c.i.embedder.EclipseLogger - Using platform encoding (Cp1252 actually) to copy filtered resources, i.e. build is platform dependent!
2015-04-08 16:27:23,822 [Worker-11] INFO  o.e.m.c.i.embedder.EclipseLogger - Copying 0 resource
2015-04-08 16:27:23,824 [Worker-11] WARN  o.e.m.c.i.embedder.EclipseLogger - Using platform encoding (Cp1252 actually) to copy filtered resources, i.e. build is platform dependent!
2015-04-08 16:27:23,825 [Worker-11] INFO  o.e.m.c.i.embedder.EclipseLogger - Copying 0 resource
2015-04-08 16:27:23,825 [Worker-11] INFO  o.e.m.w.i.f.ResourceFilteringBuildParticipant - Changed resources require a complete clean of filtered resources of Aplikacja
2015-04-08 16:27:23,826 [Worker-11] INFO  o.e.m.w.i.f.ResourceFilteringBuildParticipant - Executing resource filtering for Aplikacja
2015-04-08 16:27:23,839 [Worker-11] WARN  o.e.m.c.i.embedder.EclipseLogger - Using platform encoding (Cp1252 actually) to copy filtered resources, i.e. build is platform dependent!
2015-04-08 16:27:26,311 [Worker-22] WARN  o.e.m.c.i.embedder.EclipseLogger - Using platform encoding (Cp1252 actually) to copy filtered resources, i.e. build is platform dependent!
2015-04-08 16:27:26,312 [Worker-22] INFO  o.e.m.c.i.embedder.EclipseLogger - Copying 0 resource
2015-04-08 16:27:26,314 [Worker-22] WARN  o.e.m.c.i.embedder.EclipseLogger - Using platform encoding (Cp1252 actually) to copy filtered resources, i.e. build is platform dependent!
2015-04-08 16:27:26,315 [Worker-22] INFO  o.e.m.c.i.embedder.EclipseLogger - Copying 0 resource
2015-04-08 16:28:05,942 [Worker-31] INFO  o.e.m.c.i.l.LifecycleMappingFactory - Using org.maven.ide.eclipse.wtp.WarLifecycleMapping lifecycle mapping for MavenProject: daw.projekt:Aplikacja:0.0.1-SNAPSHOT @ C:\Users\Drewno\work\Projekt_ZTI_nowy\Aplikacja\pom.xml.
2015-04-08 16:28:06,835 [Worker-31] WARN  o.e.m.c.i.embedder.EclipseLogger - Using platform encoding (Cp1252 actually) to copy filtered resources, i.e. build is platform dependent!
2015-04-08 16:28:06,836 [Worker-31] INFO  o.e.m.c.i.embedder.EclipseLogger - Copying 0 resource
2015-04-08 16:28:06,837 [Worker-31] WARN  o.e.m.c.i.embedder.EclipseLogger - Using platform encoding (Cp1252 actually) to copy filtered resources, i.e. build is platform dependent!
2015-04-08 16:28:06,839 [Worker-31] INFO  o.e.m.c.i.embedder.EclipseLogger - Copying 0 resource
2015-04-08 16:28:06,839 [Worker-31] INFO  o.e.m.w.i.f.ResourceFilteringBuildParticipant - Changed resources require a complete clean of filtered resources of Aplikacja
2015-04-08 16:28:06,839 [Worker-31] INFO  o.e.m.w.i.f.ResourceFilteringBuildParticipant - Executing resource filtering for Aplikacja
2015-04-08 16:28:06,843 [Worker-31] WARN  o.e.m.c.i.embedder.EclipseLogger - Using platform encoding (Cp1252 actually) to copy filtered resources, i.e. build is platform dependent!
2015-04-08 16:28:08,698 [Worker-15] WARN  o.e.m.c.i.embedder.EclipseLogger - Using platform encoding (Cp1252 actually) to copy filtered resources, i.e. build is platform dependent!
2015-04-08 16:28:08,700 [Worker-15] INFO  o.e.m.c.i.embedder.EclipseLogger - Copying 0 resource
2015-04-08 16:28:08,702 [Worker-15] WARN  o.e.m.c.i.embedder.EclipseLogger - Using platform encoding (Cp1252 actually) to copy filtered resources, i.e. build is platform dependent!
2015-04-08 16:28:08,703 [Worker-15] INFO  o.e.m.c.i.embedder.EclipseLogger - Copying 0 resource
2015-04-08 16:29:07,659 [Worker-18] INFO  o.e.m.c.i.l.LifecycleMappingFactory - Using org.maven.ide.eclipse.wtp.WarLifecycleMapping lifecycle mapping for MavenProject: daw.projekt:Aplikacja:0.0.1-SNAPSHOT @ C:\Users\Drewno\work\Projekt_ZTI_nowy\Aplikacja\pom.xml.
2015-04-08 16:29:08,621 [Worker-18] WARN  o.e.m.c.i.embedder.EclipseLogger - Using platform encoding (Cp1252 actually) to copy filtered resources, i.e. build is platform dependent!
2015-04-08 16:29:08,623 [Worker-18] INFO  o.e.m.c.i.embedder.EclipseLogger - Copying 0 resource
2015-04-08 16:29:08,624 [Worker-18] WARN  o.e.m.c.i.embedder.EclipseLogger - Using platform encoding (Cp1252 actually) to copy filtered resources, i.e. build is platform dependent!
2015-04-08 16:29:08,625 [Worker-18] INFO  o.e.m.c.i.embedder.EclipseLogger - Copying 0 resource
2015-04-08 16:29:08,626 [Worker-18] INFO  o.e.m.w.i.f.ResourceFilteringBuildParticipant - Changed resources require a complete clean of filtered resources of Aplikacja
2015-04-08 16:29:08,626 [Worker-18] INFO  o.e.m.w.i.f.ResourceFilteringBuildParticipant - Executing resource filtering for Aplikacja
2015-04-08 16:29:08,629 [Worker-18] WARN  o.e.m.c.i.embedder.EclipseLogger - Using platform encoding (Cp1252 actually) to copy filtered resources, i.e. build is platform dependent!
2015-04-08 16:29:48,499 [Worker-28] INFO  o.e.m.c.i.l.LifecycleMappingFactory - Using org.maven.ide.eclipse.wtp.WarLifecycleMapping lifecycle mapping for MavenProject: daw.projekt:Aplikacja:0.0.1-SNAPSHOT @ C:\Users\Drewno\work\Projekt_ZTI_nowy\Aplikacja\pom.xml.
2015-04-08 16:29:49,541 [Worker-28] WARN  o.e.m.c.i.embedder.EclipseLogger - Using platform encoding (Cp1252 actually) to copy filtered resources, i.e. build is platform dependent!
2015-04-08 16:29:49,542 [Worker-28] INFO  o.e.m.c.i.embedder.EclipseLogger - Copying 0 resource
2015-04-08 16:29:49,543 [Worker-28] WARN  o.e.m.c.i.embedder.EclipseLogger - Using platform encoding (Cp1252 actually) to copy filtered resources, i.e. build is platform dependent!
2015-04-08 16:29:49,544 [Worker-28] INFO  o.e.m.c.i.embedder.EclipseLogger - Copying 0 resource
2015-04-08 16:29:49,544 [Worker-28] INFO  o.e.m.w.i.f.ResourceFilteringBuildParticipant - Changed resources require a complete clean of filtered resources of Aplikacja
2015-04-08 16:29:49,544 [Worker-28] INFO  o.e.m.w.i.f.ResourceFilteringBuildParticipant - Executing resource filtering for Aplikacja
2015-04-08 16:29:49,548 [Worker-28] WARN  o.e.m.c.i.embedder.EclipseLogger - Using platform encoding (Cp1252 actually) to copy filtered resources, i.e. build is platform dependent!
2015-04-08 16:29:51,520 [Worker-29] WARN  o.e.m.c.i.embedder.EclipseLogger - Using platform encoding (Cp1252 actually) to copy filtered resources, i.e. build is platform dependent!
2015-04-08 16:29:51,521 [Worker-29] INFO  o.e.m.c.i.embedder.EclipseLogger - Copying 0 resource
2015-04-08 16:29:51,523 [Worker-29] WARN  o.e.m.c.i.embedder.EclipseLogger - Using platform encoding (Cp1252 actually) to copy filtered resources, i.e. build is platform dependent!
2015-04-08 16:29:51,524 [Worker-29] INFO  o.e.m.c.i.embedder.EclipseLogger - Copying 0 resource
2015-04-08 16:30:00,942 [Worker-12] WARN  o.e.m.c.i.embedder.EclipseLogger - Using platform encoding (Cp1252 actually) to copy filtered resources, i.e. build is platform dependent!
2015-04-08 16:30:00,944 [Worker-12] INFO  o.e.m.c.i.embedder.EclipseLogger - Copying 0 resource
2015-04-08 16:30:00,946 [Worker-12] WARN  o.e.m.c.i.embedder.EclipseLogger - Using platform encoding (Cp1252 actually) to copy filtered resources, i.e. build is platform dependent!
2015-04-08 16:30:00,949 [Worker-12] INFO  o.e.m.c.i.embedder.EclipseLogger - Copying 0 resource
2015-04-08 16:30:35,938 [Worker-18] WARN  o.e.m.c.i.embedder.EclipseLogger - Using platform encoding (Cp1252 actually) to copy filtered resources, i.e. build is platform dependent!
2015-04-08 16:30:35,940 [Worker-18] INFO  o.e.m.c.i.embedder.EclipseLogger - Copying 0 resource
2015-04-08 16:30:35,941 [Worker-18] WARN  o.e.m.c.i.embedder.EclipseLogger - Using platform encoding (Cp1252 actually) to copy filtered resources, i.e. build is platform dependent!
2015-04-08 16:30:35,944 [Worker-18] INFO  o.e.m.c.i.embedder.EclipseLogger - Copying 0 resource
2015-04-08 16:34:10,234 [Worker-22] WARN  o.e.m.c.i.embedder.EclipseLogger - Using platform encoding (Cp1252 actually) to copy filtered resources, i.e. build is platform dependent!
2015-04-08 16:34:10,236 [Worker-22] INFO  o.e.m.c.i.embedder.EclipseLogger - Copying 0 resource
2015-04-08 16:34:10,238 [Worker-22] WARN  o.e.m.c.i.embedder.EclipseLogger - Using platform encoding (Cp1252 actually) to copy filtered resources, i.e. build is platform dependent!
2015-04-08 16:34:10,239 [Worker-22] INFO  o.e.m.c.i.embedder.EclipseLogger - Copying 0 resource
2015-04-08 16:34:54,903 [Worker-12] WARN  o.e.m.c.i.embedder.EclipseLogger - Using platform encoding (Cp1252 actually) to copy filtered resources, i.e. build is platform dependent!
2015-04-08 16:34:54,904 [Worker-12] INFO  o.e.m.c.i.embedder.EclipseLogger - Copying 0 resource
2015-04-08 16:34:54,907 [Worker-12] WARN  o.e.m.c.i.embedder.EclipseLogger - Using platform encoding (Cp1252 actually) to copy filtered resources, i.e. build is platform dependent!
2015-04-08 16:34:54,908 [Worker-12] INFO  o.e.m.c.i.embedder.EclipseLogger - Copying 0 resource
2015-04-08 16:35:10,491 [Worker-3] WARN  o.e.m.c.i.embedder.EclipseLogger - Using platform encoding (Cp1252 actually) to copy filtered resources, i.e. build is platform dependent!
2015-04-08 16:35:10,493 [Worker-3] INFO  o.e.m.c.i.embedder.EclipseLogger - Copying 0 resource
2015-04-08 16:35:10,494 [Worker-3] WARN  o.e.m.c.i.embedder.EclipseLogger - Using platform encoding (Cp1252 actually) to copy filtered resources, i.e. build is platform dependent!
2015-04-08 16:35:10,498 [Worker-3] INFO  o.e.m.c.i.embedder.EclipseLogger - Copying 0 resource
2015-04-08 16:37:09,715 [Worker-3] WARN  o.e.m.c.i.embedder.EclipseLogger - Using platform encoding (Cp1252 actually) to copy filtered resources, i.e. build is platform dependent!
2015-04-08 16:37:09,717 [Worker-3] INFO  o.e.m.c.i.embedder.EclipseLogger - Copying 0 resource
2015-04-08 16:37:09,718 [Worker-3] WARN  o.e.m.c.i.embedder.EclipseLogger - Using platform encoding (Cp1252 actually) to copy filtered resources, i.e. build is platform dependent!
2015-04-08 16:37:09,722 [Worker-3] INFO  o.e.m.c.i.embedder.EclipseLogger - Copying 0 resource
2015-04-08 16:37:37,225 [Worker-25] INFO  o.e.m.c.i.p.ProjectConfigurationManager - Update started
2015-04-08 16:37:37,303 [Worker-25] INFO  o.e.m.c.i.l.LifecycleMappingFactory - Using org.maven.ide.eclipse.wtp.WarLifecycleMapping lifecycle mapping for MavenProject: daw.projekt:Aplikacja:0.0.1-SNAPSHOT @ C:\Users\Drewno\work\Projekt_ZTI_nowy\Aplikacja\pom.xml.
2015-04-08 16:37:38,454 [Worker-25] INFO  o.e.m.j.i.AbstractJavaProjectConfigurator - Adding source folder /Aplikacja/src/main/java
2015-04-08 16:37:38,454 [Worker-25] INFO  o.e.m.j.i.AbstractJavaProjectConfigurator - Adding resource folder /Aplikacja/src/main/resources
2015-04-08 16:37:38,455 [Worker-25] INFO  o.e.m.j.i.AbstractJavaProjectConfigurator - Adding source folder /Aplikacja/src/test/java
2015-04-08 16:37:38,456 [Worker-25] INFO  o.e.m.j.i.AbstractJavaProjectConfigurator - Adding resource folder /Aplikacja/src/test/resources
2015-04-08 16:37:38,855 [Worker-25] INFO  o.e.m.c.i.l.LifecycleMappingFactory - Using org.maven.ide.eclipse.wtp.WarLifecycleMapping lifecycle mapping for MavenProject: daw.projekt:Aplikacja:0.0.1-SNAPSHOT @ C:\Users\Drewno\work\Projekt_ZTI_nowy\Aplikacja\pom.xml.
2015-04-08 16:37:39,739 [Worker-25] INFO  o.e.m.w.i.f.ResourceFilteringBuildParticipant - Cleaning filtered folder for Aplikacja
2015-04-08 16:37:39,745 [Worker-25] INFO  o.e.m.c.i.p.ProjectConfigurationManager - Update completed: 2 sec
2015-04-08 16:37:41,829 [Worker-32] WARN  o.e.m.c.i.embedder.EclipseLogger - Using platform encoding (Cp1252 actually) to copy filtered resources, i.e. build is platform dependent!
2015-04-08 16:37:41,830 [Worker-32] INFO  o.e.m.c.i.embedder.EclipseLogger - Copying 0 resource
2015-04-08 16:37:41,832 [Worker-32] WARN  o.e.m.c.i.embedder.EclipseLogger - Using platform encoding (Cp1252 actually) to copy filtered resources, i.e. build is platform dependent!
2015-04-08 16:37:41,833 [Worker-32] INFO  o.e.m.c.i.embedder.EclipseLogger - Copying 0 resource
2015-04-08 16:45:40,432 [Worker-37] WARN  o.e.m.c.i.embedder.EclipseLogger - Using platform encoding (Cp1252 actually) to copy filtered resources, i.e. build is platform dependent!
2015-04-08 16:45:40,433 [Worker-37] INFO  o.e.m.c.i.embedder.EclipseLogger - Copying 0 resource
2015-04-08 16:45:40,435 [Worker-37] WARN  o.e.m.c.i.embedder.EclipseLogger - Using platform encoding (Cp1252 actually) to copy filtered resources, i.e. build is platform dependent!
2015-04-08 16:45:40,440 [Worker-37] INFO  o.e.m.c.i.embedder.EclipseLogger - Copying 0 resource
2015-04-08 16:45:50,619 [Worker-28] INFO  o.e.m.c.i.p.ProjectConfigurationManager - Update started
2015-04-08 16:45:50,688 [Worker-28] INFO  o.e.m.c.i.l.LifecycleMappingFactory - Using org.maven.ide.eclipse.wtp.WarLifecycleMapping lifecycle mapping for MavenProject: daw.projekt:Aplikacja:0.0.1-SNAPSHOT @ C:\Users\Drewno\work\Projekt_ZTI_nowy\Aplikacja\pom.xml.
2015-04-08 16:45:51,887 [Worker-28] INFO  o.e.m.j.i.AbstractJavaProjectConfigurator - Adding source folder /Aplikacja/src/main/java
2015-04-08 16:45:51,888 [Worker-28] INFO  o.e.m.j.i.AbstractJavaProjectConfigurator - Adding resource folder /Aplikacja/src/main/resources
2015-04-08 16:45:51,888 [Worker-28] INFO  o.e.m.j.i.AbstractJavaProjectConfigurator - Adding source folder /Aplikacja/src/test/java
2015-04-08 16:45:51,889 [Worker-28] INFO  o.e.m.j.i.AbstractJavaProjectConfigurator - Adding resource folder /Aplikacja/src/test/resources
2015-04-08 16:45:52,288 [Worker-28] INFO  o.e.m.c.i.l.LifecycleMappingFactory - Using org.maven.ide.eclipse.wtp.WarLifecycleMapping lifecycle mapping for MavenProject: daw.projekt:Aplikacja:0.0.1-SNAPSHOT @ C:\Users\Drewno\work\Projekt_ZTI_nowy\Aplikacja\pom.xml.
2015-04-08 16:45:53,110 [Worker-28] INFO  o.e.m.w.i.f.ResourceFilteringBuildParticipant - Cleaning filtered folder for Aplikacja
2015-04-08 16:45:53,131 [Worker-28] INFO  o.e.m.c.i.p.ProjectConfigurationManager - Update completed: 2 sec
2015-04-08 16:45:54,729 [Worker-35] WARN  o.e.m.c.i.embedder.EclipseLogger - Using platform encoding (Cp1252 actually) to copy filtered resources, i.e. build is platform dependent!
2015-04-08 16:45:54,730 [Worker-35] INFO  o.e.m.c.i.embedder.EclipseLogger - Copying 0 resource
2015-04-08 16:45:54,732 [Worker-35] WARN  o.e.m.c.i.embedder.EclipseLogger - Using platform encoding (Cp1252 actually) to copy filtered resources, i.e. build is platform dependent!
2015-04-08 16:45:54,733 [Worker-35] INFO  o.e.m.c.i.embedder.EclipseLogger - Copying 0 resource
2015-04-08 16:46:55,463 [Worker-37] WARN  o.e.m.c.i.embedder.EclipseLogger - Using platform encoding (Cp1252 actually) to copy filtered resources, i.e. build is platform dependent!
2015-04-08 16:46:55,464 [Worker-37] INFO  o.e.m.c.i.embedder.EclipseLogger - Copying 0 resource
2015-04-08 16:46:55,466 [Worker-37] WARN  o.e.m.c.i.embedder.EclipseLogger - Using platform encoding (Cp1252 actually) to copy filtered resources, i.e. build is platform dependent!
2015-04-08 16:46:55,468 [Worker-37] INFO  o.e.m.c.i.embedder.EclipseLogger - Copying 0 resource
2015-04-08 16:47:32,828 [Worker-47] WARN  o.e.m.c.i.embedder.EclipseLogger - Using platform encoding (Cp1252 actually) to copy filtered resources, i.e. build is platform dependent!
2015-04-08 16:47:32,829 [Worker-47] INFO  o.e.m.c.i.embedder.EclipseLogger - Copying 0 resource
2015-04-08 16:47:32,831 [Worker-47] WARN  o.e.m.c.i.embedder.EclipseLogger - Using platform encoding (Cp1252 actually) to copy filtered resources, i.e. build is platform dependent!
2015-04-08 16:47:32,834 [Worker-47] INFO  o.e.m.c.i.embedder.EclipseLogger - Copying 0 resource
2015-04-08 16:50:04,496 [Worker-12] WARN  o.e.m.c.i.embedder.EclipseLogger - Using platform encoding (Cp1252 actually) to copy filtered resources, i.e. build is platform dependent!
2015-04-08 16:50:04,497 [Worker-12] INFO  o.e.m.c.i.embedder.EclipseLogger - Copying 0 resource
2015-04-08 16:50:04,498 [Worker-12] WARN  o.e.m.c.i.embedder.EclipseLogger - Using platform encoding (Cp1252 actually) to copy filtered resources, i.e. build is platform dependent!
2015-04-08 16:50:04,501 [Worker-12] INFO  o.e.m.c.i.embedder.EclipseLogger - Copying 0 resource
2015-04-08 16:50:35,206 [Worker-48] WARN  o.e.m.c.i.embedder.EclipseLogger - Using platform encoding (Cp1252 actually) to copy filtered resources, i.e. build is platform dependent!
2015-04-08 16:50:35,207 [Worker-48] INFO  o.e.m.c.i.embedder.EclipseLogger - Copying 0 resource
2015-04-08 16:50:35,208 [Worker-48] WARN  o.e.m.c.i.embedder.EclipseLogger - Using platform encoding (Cp1252 actually) to copy filtered resources, i.e. build is platform dependent!
2015-04-08 16:50:35,211 [Worker-48] INFO  o.e.m.c.i.embedder.EclipseLogger - Copying 0 resource
2015-04-08 16:52:41,133 [main] INFO  o.e.m.c.i.l.LifecycleMappingFactory - Using org.maven.ide.eclipse.wtp.WarLifecycleMapping lifecycle mapping for MavenProject: daw.projekt:Aplikacja:0.0.1-SNAPSHOT @ C:\Users\Drewno\work\Projekt_ZTI_nowy\Aplikacja\pom.xml.
2015-04-08 17:05:59,341 [Worker-28] WARN  o.e.m.c.i.embedder.EclipseLogger - Using platform encoding (Cp1252 actually) to copy filtered resources, i.e. build is platform dependent!
2015-04-08 17:05:59,343 [Worker-28] INFO  o.e.m.c.i.embedder.EclipseLogger - Copying 0 resource
2015-04-08 17:05:59,345 [Worker-28] WARN  o.e.m.c.i.embedder.EclipseLogger - Using platform encoding (Cp1252 actually) to copy filtered resources, i.e. build is platform dependent!
2015-04-08 17:05:59,347 [Worker-28] INFO  o.e.m.c.i.embedder.EclipseLogger - Copying 0 resource
2015-04-08 17:06:37,762 [Worker-49] WARN  o.e.m.c.i.embedder.EclipseLogger - Using platform encoding (Cp1252 actually) to copy filtered resources, i.e. build is platform dependent!
2015-04-08 17:06:37,764 [Worker-49] INFO  o.e.m.c.i.embedder.EclipseLogger - Copying 0 resource
2015-04-08 17:06:37,765 [Worker-49] WARN  o.e.m.c.i.embedder.EclipseLogger - Using platform encoding (Cp1252 actually) to copy filtered resources, i.e. build is platform dependent!
2015-04-08 17:06:37,767 [Worker-49] INFO  o.e.m.c.i.embedder.EclipseLogger - Copying 0 resource
2015-04-08 17:10:51,867 [Worker-34] WARN  o.e.m.c.i.embedder.EclipseLogger - Using platform encoding (Cp1252 actually) to copy filtered resources, i.e. build is platform dependent!
2015-04-08 17:10:51,869 [Worker-34] INFO  o.e.m.c.i.embedder.EclipseLogger - Copying 0 resource
2015-04-08 17:10:51,870 [Worker-34] WARN  o.e.m.c.i.embedder.EclipseLogger - Using platform encoding (Cp1252 actually) to copy filtered resources, i.e. build is platform dependent!
2015-04-08 17:10:51,873 [Worker-34] INFO  o.e.m.c.i.embedder.EclipseLogger - Copying 0 resource
2015-04-08 17:14:11,277 [Worker-50] WARN  o.e.m.c.i.embedder.EclipseLogger - Using platform encoding (Cp1252 actually) to copy filtered resources, i.e. build is platform dependent!
2015-04-08 17:14:11,278 [Worker-50] INFO  o.e.m.c.i.embedder.EclipseLogger - Copying 0 resource
2015-04-08 17:14:11,280 [Worker-50] WARN  o.e.m.c.i.embedder.EclipseLogger - Using platform encoding (Cp1252 actually) to copy filtered resources, i.e. build is platform dependent!
2015-04-08 17:14:11,282 [Worker-50] INFO  o.e.m.c.i.embedder.EclipseLogger - Copying 0 resource
2015-04-08 17:16:03,229 [Worker-28] WARN  o.e.m.c.i.embedder.EclipseLogger - Using platform encoding (Cp1252 actually) to copy filtered resources, i.e. build is platform dependent!
2015-04-08 17:16:03,230 [Worker-28] INFO  o.e.m.c.i.embedder.EclipseLogger - Copying 0 resource
2015-04-08 17:16:03,231 [Worker-28] WARN  o.e.m.c.i.embedder.EclipseLogger - Using platform encoding (Cp1252 actually) to copy filtered resources, i.e. build is platform dependent!
2015-04-08 17:16:03,235 [Worker-28] INFO  o.e.m.c.i.embedder.EclipseLogger - Copying 0 resource
2015-04-08 17:18:40,375 [Worker-50] WARN  o.e.m.c.i.embedder.EclipseLogger - Using platform encoding (Cp1252 actually) to copy filtered resources, i.e. build is platform dependent!
2015-04-08 17:18:40,376 [Worker-50] INFO  o.e.m.c.i.embedder.EclipseLogger - Copying 0 resource
2015-04-08 17:18:40,378 [Worker-50] WARN  o.e.m.c.i.embedder.EclipseLogger - Using platform encoding (Cp1252 actually) to copy filtered resources, i.e. build is platform dependent!
2015-04-08 17:18:40,382 [Worker-50] INFO  o.e.m.c.i.embedder.EclipseLogger - Copying 0 resource
2015-04-08 17:18:50,195 [Worker-49] WARN  o.e.m.c.i.embedder.EclipseLogger - Using platform encoding (Cp1252 actually) to copy filtered resources, i.e. build is platform dependent!
2015-04-08 17:18:50,196 [Worker-49] INFO  o.e.m.c.i.embedder.EclipseLogger - Copying 0 resource
2015-04-08 17:18:50,198 [Worker-49] WARN  o.e.m.c.i.embedder.EclipseLogger - Using platform encoding (Cp1252 actually) to copy filtered resources, i.e. build is platform dependent!
2015-04-08 17:18:50,199 [Worker-49] INFO  o.e.m.c.i.embedder.EclipseLogger - Copying 0 resource
2015-04-08 17:19:18,588 [Worker-28] WARN  o.e.m.c.i.embedder.EclipseLogger - Using platform encoding (Cp1252 actually) to copy filtered resources, i.e. build is platform dependent!
2015-04-08 17:19:18,589 [Worker-28] INFO  o.e.m.c.i.embedder.EclipseLogger - Copying 0 resource
2015-04-08 17:19:18,592 [Worker-28] WARN  o.e.m.c.i.embedder.EclipseLogger - Using platform encoding (Cp1252 actually) to copy filtered resources, i.e. build is platform dependent!
2015-04-08 17:19:18,593 [Worker-28] INFO  o.e.m.c.i.embedder.EclipseLogger - Copying 0 resource
2015-04-08 17:20:15,814 [Worker-52] WARN  o.e.m.c.i.embedder.EclipseLogger - Using platform encoding (Cp1252 actually) to copy filtered resources, i.e. build is platform dependent!
2015-04-08 17:20:15,816 [Worker-52] INFO  o.e.m.c.i.embedder.EclipseLogger - Copying 0 resource
2015-04-08 17:20:15,817 [Worker-52] WARN  o.e.m.c.i.embedder.EclipseLogger - Using platform encoding (Cp1252 actually) to copy filtered resources, i.e. build is platform dependent!
2015-04-08 17:20:15,820 [Worker-52] INFO  o.e.m.c.i.embedder.EclipseLogger - Copying 0 resource
2015-04-08 17:20:50,839 [Worker-50] WARN  o.e.m.c.i.embedder.EclipseLogger - Using platform encoding (Cp1252 actually) to copy filtered resources, i.e. build is platform dependent!
2015-04-08 17:20:50,840 [Worker-50] INFO  o.e.m.c.i.embedder.EclipseLogger - Copying 0 resource
2015-04-08 17:20:50,841 [Worker-50] WARN  o.e.m.c.i.embedder.EclipseLogger - Using platform encoding (Cp1252 actually) to copy filtered resources, i.e. build is platform dependent!
2015-04-08 17:20:50,844 [Worker-50] INFO  o.e.m.c.i.embedder.EclipseLogger - Copying 0 resource
2015-04-09 20:38:54,169 [Worker-2] WARN  o.e.m.c.i.embedder.EclipseLogger - Using platform encoding (Cp1252 actually) to copy filtered resources, i.e. build is platform dependent!
2015-04-09 20:38:54,258 [Worker-2] INFO  o.e.m.c.i.embedder.EclipseLogger - Copying 0 resource
2015-04-09 20:38:54,261 [Worker-2] WARN  o.e.m.c.i.embedder.EclipseLogger - Using platform encoding (Cp1252 actually) to copy filtered resources, i.e. build is platform dependent!
2015-04-09 20:38:54,265 [Worker-2] INFO  o.e.m.c.i.embedder.EclipseLogger - Copying 0 resource
2015-04-09 20:39:17,744 [Worker-6] INFO  o.e.m.c.i.l.LifecycleMappingFactory - Using org.maven.ide.eclipse.wtp.WarLifecycleMapping lifecycle mapping for MavenProject: daw.projekt:Aplikacja:0.0.1-SNAPSHOT @ C:\Users\Drewno\work\Projekt_ZTI_nowy\Aplikacja\pom.xml.
2015-04-09 20:39:19,480 [Worker-6] WARN  o.e.m.c.i.embedder.EclipseLogger - Using platform encoding (Cp1252 actually) to copy filtered resources, i.e. build is platform dependent!
2015-04-09 20:39:19,497 [Worker-6] INFO  o.e.m.c.i.embedder.EclipseLogger - Copying 0 resource
2015-04-09 20:39:19,499 [Worker-6] WARN  o.e.m.c.i.embedder.EclipseLogger - Using platform encoding (Cp1252 actually) to copy filtered resources, i.e. build is platform dependent!
2015-04-09 20:39:19,500 [Worker-6] INFO  o.e.m.c.i.embedder.EclipseLogger - Copying 0 resource
2015-04-09 20:39:20,687 [Worker-20] INFO  o.e.m.c.i.l.LifecycleMappingFactory - Using org.maven.ide.eclipse.wtp.WarLifecycleMapping lifecycle mapping for MavenProject: daw.projekt:Aplikacja:0.0.1-SNAPSHOT @ C:\Users\Drewno\work\Projekt_ZTI_nowy\Aplikacja\pom.xml.
2015-04-09 20:39:22,167 [Worker-20] WARN  o.e.m.c.i.embedder.EclipseLogger - Using platform encoding (Cp1252 actually) to copy filtered resources, i.e. build is platform dependent!
2015-04-09 20:39:22,168 [Worker-20] INFO  o.e.m.c.i.embedder.EclipseLogger - Copying 0 resource
2015-04-09 20:39:22,169 [Worker-20] WARN  o.e.m.c.i.embedder.EclipseLogger - Using platform encoding (Cp1252 actually) to copy filtered resources, i.e. build is platform dependent!
2015-04-09 20:39:22,170 [Worker-20] INFO  o.e.m.c.i.embedder.EclipseLogger - Copying 0 resource
2015-04-09 21:03:46,213 [Worker-20] WARN  o.e.m.c.i.embedder.EclipseLogger - Using platform encoding (Cp1252 actually) to copy filtered resources, i.e. build is platform dependent!
2015-04-09 21:03:46,214 [Worker-20] INFO  o.e.m.c.i.embedder.EclipseLogger - Copying 0 resource
2015-04-09 21:03:46,216 [Worker-20] WARN  o.e.m.c.i.embedder.EclipseLogger - Using platform encoding (Cp1252 actually) to copy filtered resources, i.e. build is platform dependent!
2015-04-09 21:03:46,217 [Worker-20] INFO  o.e.m.c.i.embedder.EclipseLogger - Copying 0 resource
2015-04-09 21:04:48,212 [Worker-20] WARN  o.e.m.c.i.embedder.EclipseLogger - Using platform encoding (Cp1252 actually) to copy filtered resources, i.e. build is platform dependent!
2015-04-09 21:04:48,224 [Worker-20] INFO  o.e.m.c.i.embedder.EclipseLogger - Copying 0 resource
2015-04-09 21:04:48,226 [Worker-20] WARN  o.e.m.c.i.embedder.EclipseLogger - Using platform encoding (Cp1252 actually) to copy filtered resources, i.e. build is platform dependent!
2015-04-09 21:04:48,228 [Worker-20] INFO  o.e.m.c.i.embedder.EclipseLogger - Copying 0 resource
2015-04-09 21:12:43,655 [Worker-8] WARN  o.e.m.c.i.embedder.EclipseLogger - Using platform encoding (Cp1252 actually) to copy filtered resources, i.e. build is platform dependent!
2015-04-09 21:12:43,657 [Worker-8] INFO  o.e.m.c.i.embedder.EclipseLogger - Copying 0 resource
2015-04-09 21:12:43,660 [Worker-8] WARN  o.e.m.c.i.embedder.EclipseLogger - Using platform encoding (Cp1252 actually) to copy filtered resources, i.e. build is platform dependent!
2015-04-09 21:12:43,661 [Worker-8] INFO  o.e.m.c.i.embedder.EclipseLogger - Copying 0 resource
2015-04-09 21:15:39,483 [Worker-18] WARN  o.e.m.c.i.embedder.EclipseLogger - Using platform encoding (Cp1252 actually) to copy filtered resources, i.e. build is platform dependent!
2015-04-09 21:15:39,485 [Worker-18] INFO  o.e.m.c.i.embedder.EclipseLogger - Copying 0 resource
2015-04-09 21:15:39,487 [Worker-18] WARN  o.e.m.c.i.embedder.EclipseLogger - Using platform encoding (Cp1252 actually) to copy filtered resources, i.e. build is platform dependent!
2015-04-09 21:15:39,490 [Worker-18] INFO  o.e.m.c.i.embedder.EclipseLogger - Copying 0 resource
2015-04-09 21:27:57,054 [Worker-0] WARN  o.e.m.c.i.embedder.EclipseLogger - Using platform encoding (Cp1252 actually) to copy filtered resources, i.e. build is platform dependent!
2015-04-09 21:27:57,056 [Worker-0] INFO  o.e.m.c.i.embedder.EclipseLogger - Copying 0 resource
2015-04-09 21:27:57,058 [Worker-0] WARN  o.e.m.c.i.embedder.EclipseLogger - Using platform encoding (Cp1252 actually) to copy filtered resources, i.e. build is platform dependent!
2015-04-09 21:27:57,061 [Worker-0] INFO  o.e.m.c.i.embedder.EclipseLogger - Copying 0 resource
2015-04-09 21:28:30,614 [Worker-27] WARN  o.e.m.c.i.embedder.EclipseLogger - Using platform encoding (Cp1252 actually) to copy filtered resources, i.e. build is platform dependent!
2015-04-09 21:28:30,624 [Worker-27] INFO  o.e.m.c.i.embedder.EclipseLogger - Copying 0 resource
2015-04-09 21:28:30,627 [Worker-27] WARN  o.e.m.c.i.embedder.EclipseLogger - Using platform encoding (Cp1252 actually) to copy filtered resources, i.e. build is platform dependent!
2015-04-09 21:28:30,632 [Worker-27] INFO  o.e.m.c.i.embedder.EclipseLogger - Copying 0 resource
2015-04-09 21:29:16,708 [Worker-6] WARN  o.e.m.c.i.embedder.EclipseLogger - Using platform encoding (Cp1252 actually) to copy filtered resources, i.e. build is platform dependent!
2015-04-09 21:29:16,709 [Worker-6] INFO  o.e.m.c.i.embedder.EclipseLogger - Copying 0 resource
2015-04-09 21:29:16,711 [Worker-6] WARN  o.e.m.c.i.embedder.EclipseLogger - Using platform encoding (Cp1252 actually) to copy filtered resources, i.e. build is platform dependent!
2015-04-09 21:29:16,715 [Worker-6] INFO  o.e.m.c.i.embedder.EclipseLogger - Copying 0 resource
2015-04-09 21:30:38,309 [Worker-6] WARN  o.e.m.c.i.embedder.EclipseLogger - Using platform encoding (Cp1252 actually) to copy filtered resources, i.e. build is platform dependent!
2015-04-09 21:30:38,311 [Worker-6] INFO  o.e.m.c.i.embedder.EclipseLogger - Copying 0 resource
2015-04-09 21:30:38,314 [Worker-6] WARN  o.e.m.c.i.embedder.EclipseLogger - Using platform encoding (Cp1252 actually) to copy filtered resources, i.e. build is platform dependent!
2015-04-09 21:30:38,320 [Worker-6] INFO  o.e.m.c.i.embedder.EclipseLogger - Copying 0 resource
2015-04-09 21:33:47,761 [Worker-20] WARN  o.e.m.c.i.embedder.EclipseLogger - Using platform encoding (Cp1252 actually) to copy filtered resources, i.e. build is platform dependent!
2015-04-09 21:33:47,763 [Worker-20] INFO  o.e.m.c.i.embedder.EclipseLogger - Copying 0 resource
2015-04-09 21:33:47,765 [Worker-20] WARN  o.e.m.c.i.embedder.EclipseLogger - Using platform encoding (Cp1252 actually) to copy filtered resources, i.e. build is platform dependent!
2015-04-09 21:33:47,769 [Worker-20] INFO  o.e.m.c.i.embedder.EclipseLogger - Copying 0 resource
2015-04-09 21:34:11,083 [Worker-0] WARN  o.e.m.c.i.embedder.EclipseLogger - Using platform encoding (Cp1252 actually) to copy filtered resources, i.e. build is platform dependent!
2015-04-09 21:34:11,085 [Worker-0] INFO  o.e.m.c.i.embedder.EclipseLogger - Copying 0 resource
2015-04-09 21:34:11,088 [Worker-0] WARN  o.e.m.c.i.embedder.EclipseLogger - Using platform encoding (Cp1252 actually) to copy filtered resources, i.e. build is platform dependent!
2015-04-09 21:34:11,091 [Worker-0] INFO  o.e.m.c.i.embedder.EclipseLogger - Copying 0 resource
2015-04-09 21:36:51,033 [Worker-27] WARN  o.e.m.c.i.embedder.EclipseLogger - Using platform encoding (Cp1252 actually) to copy filtered resources, i.e. build is platform dependent!
2015-04-09 21:36:51,037 [Worker-27] INFO  o.e.m.c.i.embedder.EclipseLogger - Copying 0 resource
2015-04-09 21:36:51,039 [Worker-27] WARN  o.e.m.c.i.embedder.EclipseLogger - Using platform encoding (Cp1252 actually) to copy filtered resources, i.e. build is platform dependent!
2015-04-09 21:36:51,041 [Worker-27] INFO  o.e.m.c.i.embedder.EclipseLogger - Copying 0 resource
2015-04-09 21:37:33,522 [Worker-20] WARN  o.e.m.c.i.embedder.EclipseLogger - Using platform encoding (Cp1252 actually) to copy filtered resources, i.e. build is platform dependent!
2015-04-09 21:37:33,524 [Worker-20] INFO  o.e.m.c.i.embedder.EclipseLogger - Copying 0 resource
2015-04-09 21:37:33,526 [Worker-20] WARN  o.e.m.c.i.embedder.EclipseLogger - Using platform encoding (Cp1252 actually) to copy filtered resources, i.e. build is platform dependent!
2015-04-09 21:37:33,527 [Worker-20] INFO  o.e.m.c.i.embedder.EclipseLogger - Copying 0 resource
2015-04-09 21:38:48,845 [Worker-27] WARN  o.e.m.c.i.embedder.EclipseLogger - Using platform encoding (Cp1252 actually) to copy filtered resources, i.e. build is platform dependent!
2015-04-09 21:38:48,846 [Worker-27] INFO  o.e.m.c.i.embedder.EclipseLogger - Copying 0 resource
2015-04-09 21:38:48,848 [Worker-27] WARN  o.e.m.c.i.embedder.EclipseLogger - Using platform encoding (Cp1252 actually) to copy filtered resources, i.e. build is platform dependent!
2015-04-09 21:38:48,849 [Worker-27] INFO  o.e.m.c.i.embedder.EclipseLogger - Copying 0 resource
2015-04-09 21:45:04,238 [Worker-16] WARN  o.e.m.c.i.embedder.EclipseLogger - Using platform encoding (Cp1252 actually) to copy filtered resources, i.e. build is platform dependent!
2015-04-09 21:45:04,240 [Worker-16] INFO  o.e.m.c.i.embedder.EclipseLogger - Copying 0 resource
2015-04-09 21:45:04,242 [Worker-16] WARN  o.e.m.c.i.embedder.EclipseLogger - Using platform encoding (Cp1252 actually) to copy filtered resources, i.e. build is platform dependent!
2015-04-09 21:45:04,246 [Worker-16] INFO  o.e.m.c.i.embedder.EclipseLogger - Copying 0 resource
2015-04-09 21:48:34,680 [Worker-29] WARN  o.e.m.c.i.embedder.EclipseLogger - Using platform encoding (Cp1252 actually) to copy filtered resources, i.e. build is platform dependent!
2015-04-09 21:48:34,682 [Worker-29] INFO  o.e.m.c.i.embedder.EclipseLogger - Copying 0 resource
2015-04-09 21:48:34,684 [Worker-29] WARN  o.e.m.c.i.embedder.EclipseLogger - Using platform encoding (Cp1252 actually) to copy filtered resources, i.e. build is platform dependent!
2015-04-09 21:48:34,687 [Worker-29] INFO  o.e.m.c.i.embedder.EclipseLogger - Copying 0 resource
2015-04-09 21:50:08,015 [Worker-28] WARN  o.e.m.c.i.embedder.EclipseLogger - Using platform encoding (Cp1252 actually) to copy filtered resources, i.e. build is platform dependent!
2015-04-09 21:50:08,016 [Worker-28] INFO  o.e.m.c.i.embedder.EclipseLogger - Copying 0 resource
2015-04-09 21:50:08,019 [Worker-28] WARN  o.e.m.c.i.embedder.EclipseLogger - Using platform encoding (Cp1252 actually) to copy filtered resources, i.e. build is platform dependent!
2015-04-09 21:50:08,021 [Worker-28] INFO  o.e.m.c.i.embedder.EclipseLogger - Copying 0 resource
2015-04-09 21:52:14,745 [Worker-6] WARN  o.e.m.c.i.embedder.EclipseLogger - Using platform encoding (Cp1252 actually) to copy filtered resources, i.e. build is platform dependent!
2015-04-09 21:52:14,747 [Worker-6] INFO  o.e.m.c.i.embedder.EclipseLogger - Copying 0 resource
2015-04-09 21:52:14,748 [Worker-6] WARN  o.e.m.c.i.embedder.EclipseLogger - Using platform encoding (Cp1252 actually) to copy filtered resources, i.e. build is platform dependent!
2015-04-09 21:52:14,750 [Worker-6] INFO  o.e.m.c.i.embedder.EclipseLogger - Copying 0 resource
2015-04-09 21:55:27,631 [Worker-26] WARN  o.e.m.c.i.embedder.EclipseLogger - Using platform encoding (Cp1252 actually) to copy filtered resources, i.e. build is platform dependent!
2015-04-09 21:55:27,633 [Worker-26] INFO  o.e.m.c.i.embedder.EclipseLogger - Copying 0 resource
2015-04-09 21:55:27,635 [Worker-26] WARN  o.e.m.c.i.embedder.EclipseLogger - Using platform encoding (Cp1252 actually) to copy filtered resources, i.e. build is platform dependent!
2015-04-09 21:55:27,638 [Worker-26] INFO  o.e.m.c.i.embedder.EclipseLogger - Copying 0 resource
2015-04-09 22:10:22,456 [Worker-36] WARN  o.e.m.c.i.embedder.EclipseLogger - Using platform encoding (Cp1252 actually) to copy filtered resources, i.e. build is platform dependent!
2015-04-09 22:10:22,458 [Worker-36] INFO  o.e.m.c.i.embedder.EclipseLogger - Copying 0 resource
2015-04-09 22:10:22,460 [Worker-36] WARN  o.e.m.c.i.embedder.EclipseLogger - Using platform encoding (Cp1252 actually) to copy filtered resources, i.e. build is platform dependent!
2015-04-09 22:10:22,462 [Worker-36] INFO  o.e.m.c.i.embedder.EclipseLogger - Copying 0 resource
2015-04-09 22:12:10,872 [Worker-16] WARN  o.e.m.c.i.embedder.EclipseLogger - Using platform encoding (Cp1252 actually) to copy filtered resources, i.e. build is platform dependent!
2015-04-09 22:12:10,875 [Worker-16] INFO  o.e.m.c.i.embedder.EclipseLogger - Copying 0 resource
2015-04-09 22:12:10,876 [Worker-16] WARN  o.e.m.c.i.embedder.EclipseLogger - Using platform encoding (Cp1252 actually) to copy filtered resources, i.e. build is platform dependent!
2015-04-09 22:12:10,878 [Worker-16] INFO  o.e.m.c.i.embedder.EclipseLogger - Copying 0 resource
2015-04-09 22:12:40,440 [Worker-32] WARN  o.e.m.c.i.embedder.EclipseLogger - Using platform encoding (Cp1252 actually) to copy filtered resources, i.e. build is platform dependent!
2015-04-09 22:12:40,442 [Worker-32] INFO  o.e.m.c.i.embedder.EclipseLogger - Copying 0 resource
2015-04-09 22:12:40,443 [Worker-32] WARN  o.e.m.c.i.embedder.EclipseLogger - Using platform encoding (Cp1252 actually) to copy filtered resources, i.e. build is platform dependent!
2015-04-09 22:12:40,445 [Worker-32] INFO  o.e.m.c.i.embedder.EclipseLogger - Copying 0 resource
2015-04-09 22:16:35,474 [Worker-38] WARN  o.e.m.c.i.embedder.EclipseLogger - Using platform encoding (Cp1252 actually) to copy filtered resources, i.e. build is platform dependent!
2015-04-09 22:16:35,475 [Worker-38] INFO  o.e.m.c.i.embedder.EclipseLogger - Copying 0 resource
2015-04-09 22:16:35,477 [Worker-38] WARN  o.e.m.c.i.embedder.EclipseLogger - Using platform encoding (Cp1252 actually) to copy filtered resources, i.e. build is platform dependent!
2015-04-09 22:16:35,478 [Worker-38] INFO  o.e.m.c.i.embedder.EclipseLogger - Copying 0 resource
2015-04-09 22:16:41,805 [Worker-36] WARN  o.e.m.c.i.embedder.EclipseLogger - Using platform encoding (Cp1252 actually) to copy filtered resources, i.e. build is platform dependent!
2015-04-09 22:16:41,806 [Worker-36] INFO  o.e.m.c.i.embedder.EclipseLogger - Copying 0 resource
2015-04-09 22:16:41,808 [Worker-36] WARN  o.e.m.c.i.embedder.EclipseLogger - Using platform encoding (Cp1252 actually) to copy filtered resources, i.e. build is platform dependent!
2015-04-09 22:16:41,809 [Worker-36] INFO  o.e.m.c.i.embedder.EclipseLogger - Copying 0 resource
2015-04-09 22:17:37,623 [Worker-33] WARN  o.e.m.c.i.embedder.EclipseLogger - Using platform encoding (Cp1252 actually) to copy filtered resources, i.e. build is platform dependent!
2015-04-09 22:17:37,624 [Worker-33] INFO  o.e.m.c.i.embedder.EclipseLogger - Copying 0 resource
2015-04-09 22:17:37,626 [Worker-33] WARN  o.e.m.c.i.embedder.EclipseLogger - Using platform encoding (Cp1252 actually) to copy filtered resources, i.e. build is platform dependent!
2015-04-09 22:17:37,629 [Worker-33] INFO  o.e.m.c.i.embedder.EclipseLogger - Copying 0 resource
2015-04-09 22:18:05,001 [Worker-18] WARN  o.e.m.c.i.embedder.EclipseLogger - Using platform encoding (Cp1252 actually) to copy filtered resources, i.e. build is platform dependent!
2015-04-09 22:18:05,003 [Worker-18] INFO  o.e.m.c.i.embedder.EclipseLogger - Copying 0 resource
2015-04-09 22:18:05,004 [Worker-18] WARN  o.e.m.c.i.embedder.EclipseLogger - Using platform encoding (Cp1252 actually) to copy filtered resources, i.e. build is platform dependent!
2015-04-09 22:18:05,006 [Worker-18] INFO  o.e.m.c.i.embedder.EclipseLogger - Copying 0 resource
2015-04-09 22:18:17,041 [Worker-39] WARN  o.e.m.c.i.embedder.EclipseLogger - Using platform encoding (Cp1252 actually) to copy filtered resources, i.e. build is platform dependent!
2015-04-09 22:18:17,042 [Worker-39] INFO  o.e.m.c.i.embedder.EclipseLogger - Copying 0 resource
2015-04-09 22:18:17,044 [Worker-39] WARN  o.e.m.c.i.embedder.EclipseLogger - Using platform encoding (Cp1252 actually) to copy filtered resources, i.e. build is platform dependent!
2015-04-09 22:18:17,046 [Worker-39] INFO  o.e.m.c.i.embedder.EclipseLogger - Copying 0 resource
2015-04-09 22:18:28,278 [Worker-34] WARN  o.e.m.c.i.embedder.EclipseLogger - Using platform encoding (Cp1252 actually) to copy filtered resources, i.e. build is platform dependent!
2015-04-09 22:18:28,280 [Worker-34] INFO  o.e.m.c.i.embedder.EclipseLogger - Copying 0 resource
2015-04-09 22:18:28,281 [Worker-34] WARN  o.e.m.c.i.embedder.EclipseLogger - Using platform encoding (Cp1252 actually) to copy filtered resources, i.e. build is platform dependent!
2015-04-09 22:18:28,283 [Worker-34] INFO  o.e.m.c.i.embedder.EclipseLogger - Copying 0 resource
2015-04-09 22:18:43,067 [Worker-36] WARN  o.e.m.c.i.embedder.EclipseLogger - Using platform encoding (Cp1252 actually) to copy filtered resources, i.e. build is platform dependent!
2015-04-09 22:18:43,068 [Worker-36] INFO  o.e.m.c.i.embedder.EclipseLogger - Copying 0 resource
2015-04-09 22:18:43,069 [Worker-36] WARN  o.e.m.c.i.embedder.EclipseLogger - Using platform encoding (Cp1252 actually) to copy filtered resources, i.e. build is platform dependent!
2015-04-09 22:18:43,070 [Worker-36] INFO  o.e.m.c.i.embedder.EclipseLogger - Copying 0 resource
2015-04-09 22:19:16,895 [Worker-6] WARN  o.e.m.c.i.embedder.EclipseLogger - Using platform encoding (Cp1252 actually) to copy filtered resources, i.e. build is platform dependent!
2015-04-09 22:19:16,897 [Worker-6] INFO  o.e.m.c.i.embedder.EclipseLogger - Copying 0 resource
2015-04-09 22:19:16,898 [Worker-6] WARN  o.e.m.c.i.embedder.EclipseLogger - Using platform encoding (Cp1252 actually) to copy filtered resources, i.e. build is platform dependent!
2015-04-09 22:19:16,900 [Worker-6] INFO  o.e.m.c.i.embedder.EclipseLogger - Copying 0 resource
2015-04-09 22:19:51,653 [Worker-38] WARN  o.e.m.c.i.embedder.EclipseLogger - Using platform encoding (Cp1252 actually) to copy filtered resources, i.e. build is platform dependent!
2015-04-09 22:19:51,654 [Worker-38] INFO  o.e.m.c.i.embedder.EclipseLogger - Copying 0 resource
2015-04-09 22:19:51,656 [Worker-38] WARN  o.e.m.c.i.embedder.EclipseLogger - Using platform encoding (Cp1252 actually) to copy filtered resources, i.e. build is platform dependent!
2015-04-09 22:19:51,658 [Worker-38] INFO  o.e.m.c.i.embedder.EclipseLogger - Copying 0 resource
2015-04-09 22:21:19,163 [Worker-32] WARN  o.e.m.c.i.embedder.EclipseLogger - Using platform encoding (Cp1252 actually) to copy filtered resources, i.e. build is platform dependent!
2015-04-09 22:21:19,165 [Worker-32] INFO  o.e.m.c.i.embedder.EclipseLogger - Copying 0 resource
2015-04-09 22:21:19,167 [Worker-32] WARN  o.e.m.c.i.embedder.EclipseLogger - Using platform encoding (Cp1252 actually) to copy filtered resources, i.e. build is platform dependent!
2015-04-09 22:21:19,171 [Worker-32] INFO  o.e.m.c.i.embedder.EclipseLogger - Copying 0 resource
2015-04-09 22:30:43,124 [Worker-6] WARN  o.e.m.c.i.embedder.EclipseLogger - Using platform encoding (Cp1252 actually) to copy filtered resources, i.e. build is platform dependent!
2015-04-09 22:30:43,126 [Worker-6] INFO  o.e.m.c.i.embedder.EclipseLogger - Copying 0 resource
2015-04-09 22:30:43,127 [Worker-6] WARN  o.e.m.c.i.embedder.EclipseLogger - Using platform encoding (Cp1252 actually) to copy filtered resources, i.e. build is platform dependent!
2015-04-09 22:30:43,129 [Worker-6] INFO  o.e.m.c.i.embedder.EclipseLogger - Copying 0 resource
2015-04-09 22:37:54,291 [Worker-40] WARN  o.e.m.c.i.embedder.EclipseLogger - Using platform encoding (Cp1252 actually) to copy filtered resources, i.e. build is platform dependent!
2015-04-09 22:37:54,293 [Worker-40] INFO  o.e.m.c.i.embedder.EclipseLogger - Copying 0 resource
2015-04-09 22:37:54,294 [Worker-40] WARN  o.e.m.c.i.embedder.EclipseLogger - Using platform encoding (Cp1252 actually) to copy filtered resources, i.e. build is platform dependent!
2015-04-09 22:37:54,298 [Worker-40] INFO  o.e.m.c.i.embedder.EclipseLogger - Copying 0 resource
2015-04-09 22:38:54,906 [Worker-33] WARN  o.e.m.c.i.embedder.EclipseLogger - Using platform encoding (Cp1252 actually) to copy filtered resources, i.e. build is platform dependent!
2015-04-09 22:38:54,908 [Worker-33] INFO  o.e.m.c.i.embedder.EclipseLogger - Copying 0 resource
2015-04-09 22:38:54,910 [Worker-33] WARN  o.e.m.c.i.embedder.EclipseLogger - Using platform encoding (Cp1252 actually) to copy filtered resources, i.e. build is platform dependent!
2015-04-09 22:38:54,911 [Worker-33] INFO  o.e.m.c.i.embedder.EclipseLogger - Copying 0 resource
2015-04-09 22:39:45,390 [Worker-26] WARN  o.e.m.c.i.embedder.EclipseLogger - Using platform encoding (Cp1252 actually) to copy filtered resources, i.e. build is platform dependent!
2015-04-09 22:39:45,391 [Worker-26] INFO  o.e.m.c.i.embedder.EclipseLogger - Copying 0 resource
2015-04-09 22:39:45,393 [Worker-26] WARN  o.e.m.c.i.embedder.EclipseLogger - Using platform encoding (Cp1252 actually) to copy filtered resources, i.e. build is platform dependent!
2015-04-09 22:39:45,397 [Worker-26] INFO  o.e.m.c.i.embedder.EclipseLogger - Copying 0 resource
2015-04-09 22:41:07,323 [Worker-18] WARN  o.e.m.c.i.embedder.EclipseLogger - Using platform encoding (Cp1252 actually) to copy filtered resources, i.e. build is platform dependent!
2015-04-09 22:41:07,325 [Worker-18] INFO  o.e.m.c.i.embedder.EclipseLogger - Copying 0 resource
2015-04-09 22:41:07,326 [Worker-18] WARN  o.e.m.c.i.embedder.EclipseLogger - Using platform encoding (Cp1252 actually) to copy filtered resources, i.e. build is platform dependent!
2015-04-09 22:41:07,331 [Worker-18] INFO  o.e.m.c.i.embedder.EclipseLogger - Copying 0 resource
2015-04-09 22:44:41,507 [Worker-32] WARN  o.e.m.c.i.embedder.EclipseLogger - Using platform encoding (Cp1252 actually) to copy filtered resources, i.e. build is platform dependent!
2015-04-09 22:44:41,508 [Worker-32] INFO  o.e.m.c.i.embedder.EclipseLogger - Copying 0 resource
2015-04-09 22:44:41,509 [Worker-32] WARN  o.e.m.c.i.embedder.EclipseLogger - Using platform encoding (Cp1252 actually) to copy filtered resources, i.e. build is platform dependent!
2015-04-09 22:44:41,513 [Worker-32] INFO  o.e.m.c.i.embedder.EclipseLogger - Copying 0 resource
2015-04-09 22:44:55,280 [Worker-40] WARN  o.e.m.c.i.embedder.EclipseLogger - Using platform encoding (Cp1252 actually) to copy filtered resources, i.e. build is platform dependent!
2015-04-09 22:44:55,282 [Worker-40] INFO  o.e.m.c.i.embedder.EclipseLogger - Copying 0 resource
2015-04-09 22:44:55,283 [Worker-40] WARN  o.e.m.c.i.embedder.EclipseLogger - Using platform encoding (Cp1252 actually) to copy filtered resources, i.e. build is platform dependent!
2015-04-09 22:44:55,287 [Worker-40] INFO  o.e.m.c.i.embedder.EclipseLogger - Copying 0 resource
2015-04-09 22:47:36,933 [Worker-39] WARN  o.e.m.c.i.embedder.EclipseLogger - Using platform encoding (Cp1252 actually) to copy filtered resources, i.e. build is platform dependent!
2015-04-09 22:47:36,937 [Worker-39] INFO  o.e.m.c.i.embedder.EclipseLogger - Copying 0 resource
2015-04-09 22:47:36,939 [Worker-39] WARN  o.e.m.c.i.embedder.EclipseLogger - Using platform encoding (Cp1252 actually) to copy filtered resources, i.e. build is platform dependent!
2015-04-09 22:47:36,941 [Worker-39] INFO  o.e.m.c.i.embedder.EclipseLogger - Copying 0 resource
2015-04-09 22:54:39,318 [Worker-36] WARN  o.e.m.c.i.embedder.EclipseLogger - Using platform encoding (Cp1252 actually) to copy filtered resources, i.e. build is platform dependent!
2015-04-09 22:54:39,343 [Worker-36] INFO  o.e.m.c.i.embedder.EclipseLogger - Copying 0 resource
2015-04-09 22:54:39,344 [Worker-36] WARN  o.e.m.c.i.embedder.EclipseLogger - Using platform encoding (Cp1252 actually) to copy filtered resources, i.e. build is platform dependent!
2015-04-09 22:54:39,347 [Worker-36] INFO  o.e.m.c.i.embedder.EclipseLogger - Copying 0 resource
2015-04-09 22:54:56,052 [Worker-39] WARN  o.e.m.c.i.embedder.EclipseLogger - Using platform encoding (Cp1252 actually) to copy filtered resources, i.e. build is platform dependent!
2015-04-09 22:54:56,054 [Worker-39] INFO  o.e.m.c.i.embedder.EclipseLogger - Copying 0 resource
2015-04-09 22:54:56,056 [Worker-39] WARN  o.e.m.c.i.embedder.EclipseLogger - Using platform encoding (Cp1252 actually) to copy filtered resources, i.e. build is platform dependent!
2015-04-09 22:54:56,059 [Worker-39] INFO  o.e.m.c.i.embedder.EclipseLogger - Copying 0 resource
2015-04-09 22:57:22,526 [Worker-18] WARN  o.e.m.c.i.embedder.EclipseLogger - Using platform encoding (Cp1252 actually) to copy filtered resources, i.e. build is platform dependent!
2015-04-09 22:57:22,527 [Worker-18] INFO  o.e.m.c.i.embedder.EclipseLogger - Copying 0 resource
2015-04-09 22:57:22,529 [Worker-18] WARN  o.e.m.c.i.embedder.EclipseLogger - Using platform encoding (Cp1252 actually) to copy filtered resources, i.e. build is platform dependent!
2015-04-09 22:57:22,530 [Worker-18] INFO  o.e.m.c.i.embedder.EclipseLogger - Copying 0 resource
2015-04-09 23:01:18,894 [Worker-18] WARN  o.e.m.c.i.embedder.EclipseLogger - Using platform encoding (Cp1252 actually) to copy filtered resources, i.e. build is platform dependent!
2015-04-09 23:01:18,895 [Worker-18] INFO  o.e.m.c.i.embedder.EclipseLogger - Copying 0 resource
2015-04-09 23:01:18,897 [Worker-18] WARN  o.e.m.c.i.embedder.EclipseLogger - Using platform encoding (Cp1252 actually) to copy filtered resources, i.e. build is platform dependent!
2015-04-09 23:01:18,900 [Worker-18] INFO  o.e.m.c.i.embedder.EclipseLogger - Copying 0 resource
2015-04-09 23:03:56,273 [Worker-44] WARN  o.e.m.c.i.embedder.EclipseLogger - Using platform encoding (Cp1252 actually) to copy filtered resources, i.e. build is platform dependent!
2015-04-09 23:03:56,274 [Worker-44] INFO  o.e.m.c.i.embedder.EclipseLogger - Copying 0 resource
2015-04-09 23:03:56,276 [Worker-44] WARN  o.e.m.c.i.embedder.EclipseLogger - Using platform encoding (Cp1252 actually) to copy filtered resources, i.e. build is platform dependent!
2015-04-09 23:03:56,282 [Worker-44] INFO  o.e.m.c.i.embedder.EclipseLogger - Copying 0 resource
